d:\a2_mingzhi\image\imgacqu\imgacqu\x64\release\netimageload.obj
d:\a2_mingzhi\image\imgacqu\imgacqu\x64\release\wgtverifyno31.obj
d:\a2_mingzhi\image\imgacqu\imgacqu\x64\release\dbpage.obj
d:\a2_mingzhi\image\imgacqu\imgacqu\x64\release\sqlitedriver.obj
d:\a2_mingzhi\image\imgacqu\imgacqu\x64\release\wgtregno3.obj
d:\a2_mingzhi\image\imgacqu\imgacqu\x64\release\regdb.obj
d:\a2_mingzhi\image\imgacqu\imgacqu\x64\release\wgtregno6.obj
d:\a2_mingzhi\image\imgacqu\imgacqu\x64\release\verifythread.obj
d:\a2_mingzhi\image\imgacqu\imgacqu\x64\release\wgtreg.obj
d:\a2_mingzhi\image\imgacqu\imgacqu\x64\release\regthread.obj
d:\a2_mingzhi\image\imgacqu\imgacqu\x64\release\wgtprogress.obj
d:\a2_mingzhi\image\imgacqu\imgacqu\x64\release\dlgimageview.obj
d:\a2_mingzhi\image\imgacqu\imgacqu\x64\release\wgtregno2.obj
d:\a2_mingzhi\image\imgacqu\imgacqu\x64\release\labelprint.obj
d:\a2_mingzhi\image\imgacqu\imgacqu\x64\release\wgtverifyno2.obj
d:\a2_mingzhi\image\imgacqu\imgacqu\x64\release\netcamera.obj
d:\a2_mingzhi\image\imgacqu\imgacqu\x64\release\wgtverifyno6.obj
d:\a2_mingzhi\image\imgacqu\imgacqu\x64\release\nativemark.obj
d:\a2_mingzhi\image\imgacqu\imgacqu\x64\release\wgtregno4.obj
d:\a2_mingzhi\image\imgacqu\imgacqu\x64\release\ringwait.obj
d:\a2_mingzhi\image\imgacqu\imgacqu\x64\release\wgtprogress1.obj
d:\a2_mingzhi\image\imgacqu\imgacqu\x64\release\wgtverifyno61.obj
d:\a2_mingzhi\image\imgacqu\imgacqu\x64\release\wgtmain.obj
d:\a2_mingzhi\image\imgacqu\imgacqu\x64\release\networkserver.obj
d:\a2_mingzhi\image\imgacqu\imgacqu\x64\release\wgtverifyno3.obj
d:\a2_mingzhi\image\imgacqu\imgacqu\x64\release\imagewidget.obj
d:\a2_mingzhi\image\imgacqu\imgacqu\x64\release\wgtverifyno4.obj
d:\a2_mingzhi\image\imgacqu\imgacqu\x64\release\main.obj
d:\a2_mingzhi\image\imgacqu\imgacqu\x64\release\appconfig.obj
d:\a2_mingzhi\image\imgacqu\imgacqu\x64\release\wgtregno41.obj
d:\a2_mingzhi\image\imgacqu\imgacqu\x64\release\wgtverify.obj
d:\a2_mingzhi\image\imgacqu\imgacqu\x64\release\verifydb.obj
d:\a2_mingzhi\image\imgacqu\imgacqu\x64\release\wgtverifyno1.obj
d:\a2_mingzhi\image\imgacqu\imgacqu\x64\release\batchview.obj
d:\a2_mingzhi\image\imgacqu\imgacqu\x64\release\wgtregno5.obj
d:\a2_mingzhi\image\imgacqu\imgacqu\x64\release\wifimanager.obj
d:\a2_mingzhi\image\imgacqu\imgacqu\x64\release\wgtverifyno21.obj
d:\a2_mingzhi\image\imgacqu\imgacqu\x64\release\netcamera_p.obj
d:\a2_mingzhi\image\imgacqu\imgacqu\x64\release\minios3client.obj
d:\a2_mingzhi\image\imgacqu\imgacqu\x64\release\wgthome.obj
d:\a2_mingzhi\image\imgacqu\imgacqu\x64\release\dlginput.obj
d:\a2_mingzhi\image\imgacqu\imgacqu\x64\release\wgtregno21.obj
d:\a2_mingzhi\image\imgacqu\imgacqu\x64\release\wgtverifyno5.obj
d:\a2_mingzhi\image\imgacqu\imgacqu\x64\release\bluetoothpairer.obj
d:\a2_mingzhi\image\imgacqu\imgacqu\x64\release\wgtregno51.obj
d:\a2_mingzhi\image\imgacqu\imgacqu\x64\release\wgtsetnetcamera.obj
d:\a2_mingzhi\image\imgacqu\imgacqu\x64\release\refreshviewlabel.obj
d:\a2_mingzhi\image\imgacqu\imgacqu\x64\release\wgtregno1.obj
d:\a2_mingzhi\image\imgacqu\imgacqu\x64\release\usbcamera.obj
d:\a2_mingzhi\image\imgacqu\imgacqu\x64\release\wgtset.obj
d:\a2_mingzhi\image\imgacqu\imgacqu\x64\release\dlginfo.obj
d:\a2_mingzhi\image\imgacqu\imgacqu\x64\release\wgtprogress2.obj
d:\a2_mingzhi\image\imgacqu\imgacqu\x64\release\wgtlogo.obj
d:\a2_mingzhi\image\imgacqu\imgacqu\x64\release\systemset.obj
d:\a2_mingzhi\image\imgacqu\imgacqu\x64\release\wgtverifyno41.obj
d:\a2_mingzhi\image\imgacqu\imgacqu\x64\release\wgtbegan.obj
d:\a2_mingzhi\image\imgacqu\imgacqu\x64\release\vc143.pdb
d:\a2_mingzhi\image\imgacqu\imgacqu\x64\release\moc_dbpage.obj
d:\a2_mingzhi\image\imgacqu\imgacqu\x64\release\moc_netcamera_p.obj
d:\a2_mingzhi\image\imgacqu\imgacqu\x64\release\moc_appconfig.obj
d:\a2_mingzhi\image\imgacqu\imgacqu\x64\release\moc_wgtsetnetcamera.obj
d:\a2_mingzhi\image\imgacqu\imgacqu\x64\release\moc_nativemark.obj
d:\a2_mingzhi\image\imgacqu\imgacqu\x64\release\moc_dlginput.obj
d:\a2_mingzhi\image\imgacqu\imgacqu\x64\release\moc_wgtbegan.obj
d:\a2_mingzhi\image\imgacqu\imgacqu\x64\release\moc_regthread.obj
d:\a2_mingzhi\image\imgacqu\imgacqu\x64\release\moc_wgtverifyno3.obj
d:\a2_mingzhi\image\imgacqu\imgacqu\x64\release\moc_imagewidget.obj
d:\a2_mingzhi\image\imgacqu\imgacqu\x64\release\moc_wgtregno5.obj
d:\a2_mingzhi\image\imgacqu\imgacqu\x64\release\moc_dlgimageview.obj
d:\a2_mingzhi\image\imgacqu\imgacqu\x64\release\moc_wgtverifyno41.obj
d:\a2_mingzhi\image\imgacqu\imgacqu\x64\release\moc_wgtverify.obj
d:\a2_mingzhi\image\imgacqu\imgacqu\x64\release\moc_zxingqtreader.obj
d:\a2_mingzhi\image\imgacqu\imgacqu\x64\release\moc_wgtverifyno21.obj
d:\a2_mingzhi\image\imgacqu\imgacqu\x64\release\moc_wgthome.obj
d:\a2_mingzhi\image\imgacqu\imgacqu\x64\release\moc_netcamera.obj
d:\a2_mingzhi\image\imgacqu\imgacqu\x64\release\moc_wgtset.obj
d:\a2_mingzhi\image\imgacqu\imgacqu\x64\release\moc_netimageload.obj
d:\a2_mingzhi\image\imgacqu\imgacqu\x64\release\moc_wgtverifyno1.obj
d:\a2_mingzhi\image\imgacqu\imgacqu\x64\release\moc_networkserver.obj
d:\a2_mingzhi\image\imgacqu\imgacqu\x64\release\moc_wgtverifyno2.obj
d:\a2_mingzhi\image\imgacqu\imgacqu\x64\release\moc_wgtprogress2.obj
d:\a2_mingzhi\image\imgacqu\imgacqu\x64\release\moc_wgtregno4.obj
d:\a2_mingzhi\image\imgacqu\imgacqu\x64\release\moc_refreshviewlabel.obj
d:\a2_mingzhi\image\imgacqu\imgacqu\x64\release\moc_batchview.obj
d:\a2_mingzhi\image\imgacqu\imgacqu\x64\release\moc_wgtregno21.obj
d:\a2_mingzhi\image\imgacqu\imgacqu\x64\release\moc_ringwait.obj
d:\a2_mingzhi\image\imgacqu\imgacqu\x64\release\moc_wgtregno6.obj
d:\a2_mingzhi\image\imgacqu\imgacqu\x64\release\moc_verifythread.obj
d:\a2_mingzhi\image\imgacqu\imgacqu\x64\release\moc_wgtverifyno4.obj
d:\a2_mingzhi\image\imgacqu\imgacqu\x64\release\moc_usbcamera.obj
d:\a2_mingzhi\image\imgacqu\imgacqu\x64\release\moc_wgtmain.obj
d:\a2_mingzhi\image\imgacqu\imgacqu\x64\release\moc_wgtlogo.obj
d:\a2_mingzhi\image\imgacqu\imgacqu\x64\release\moc_wgtregno51.obj
d:\a2_mingzhi\image\imgacqu\imgacqu\x64\release\moc_wgtverifyno31.obj
d:\a2_mingzhi\image\imgacqu\imgacqu\x64\release\moc_wgtreg.obj
d:\a2_mingzhi\image\imgacqu\imgacqu\x64\release\moc_labelprint.obj
d:\a2_mingzhi\image\imgacqu\imgacqu\x64\release\moc_wgtverifyno6.obj
d:\a2_mingzhi\image\imgacqu\imgacqu\x64\release\moc_wgtprogress1.obj
d:\a2_mingzhi\image\imgacqu\imgacqu\x64\release\moc_wgtregno41.obj
d:\a2_mingzhi\image\imgacqu\imgacqu\x64\release\moc_wgtprogress.obj
d:\a2_mingzhi\image\imgacqu\imgacqu\x64\release\moc_networkspeedtester.obj
d:\a2_mingzhi\image\imgacqu\imgacqu\x64\release\moc_dlginfo.obj
d:\a2_mingzhi\image\imgacqu\imgacqu\x64\release\moc_wgtregno1.obj
d:\a2_mingzhi\image\imgacqu\imgacqu\x64\release\moc_regdb.obj
d:\a2_mingzhi\image\imgacqu\imgacqu\x64\release\moc_wgtverifyno5.obj
d:\a2_mingzhi\image\imgacqu\imgacqu\x64\release\moc_bluetoothpairer.obj
d:\a2_mingzhi\image\imgacqu\imgacqu\x64\release\moc_minios3client.obj
d:\a2_mingzhi\image\imgacqu\imgacqu\x64\release\moc_wgtregno2.obj
d:\a2_mingzhi\image\imgacqu\imgacqu\x64\release\moc_wgtregno3.obj
d:\a2_mingzhi\image\imgacqu\imgacqu\x64\release\moc_verifydb.obj
d:\a2_mingzhi\image\imgacqu\imgacqu\x64\release\moc_wgtverifyno61.obj
d:\a2_mingzhi\image\imgacqu\imgacqu\x64\release\qrc_main.obj
d:\a2_mingzhi\image\imgacqu\x64\imgacqu\bin\concrt140.dll
d:\a2_mingzhi\image\imgacqu\x64\imgacqu\bin\msvcp140.dll
d:\a2_mingzhi\image\imgacqu\x64\imgacqu\bin\msvcp140_1.dll
d:\a2_mingzhi\image\imgacqu\x64\imgacqu\bin\msvcp140_2.dll
d:\a2_mingzhi\image\imgacqu\x64\imgacqu\bin\msvcp140_atomic_wait.dll
d:\a2_mingzhi\image\imgacqu\x64\imgacqu\bin\msvcp140_codecvt_ids.dll
d:\a2_mingzhi\image\imgacqu\x64\imgacqu\bin\vccorlib140.dll
d:\a2_mingzhi\image\imgacqu\x64\imgacqu\bin\vcruntime140.dll
d:\a2_mingzhi\image\imgacqu\x64\imgacqu\bin\vcruntime140_1.dll
d:\a2_mingzhi\image\imgacqu\x64\imgacqu\bin\vcruntime140_threads.dll
d:\a2_mingzhi\image\imgacqu\x64\imgacqu\bin\vcamp140.dll
d:\a2_mingzhi\image\imgacqu\x64\imgacqu\bin\vcomp140.dll
d:\a2_mingzhi\image\imgacqu\imgacqu\x64\release\qt\uic\ui_batchview.h
d:\a2_mingzhi\image\imgacqu\imgacqu\x64\release\qt\uic\ui_dlgimageview.h
d:\a2_mingzhi\image\imgacqu\imgacqu\x64\release\qt\uic\ui_dlginfo.h
d:\a2_mingzhi\image\imgacqu\imgacqu\x64\release\qt\uic\ui_dlginput.h
d:\a2_mingzhi\image\imgacqu\imgacqu\x64\release\qt\uic\ui_wgtprogress1.h
d:\a2_mingzhi\image\imgacqu\imgacqu\x64\release\qt\uic\ui_wgtprogress2.h
d:\a2_mingzhi\image\imgacqu\imgacqu\x64\release\qt\uic\ui_wgtregno1.h
d:\a2_mingzhi\image\imgacqu\imgacqu\x64\release\qt\uic\ui_wgtregno2.h
d:\a2_mingzhi\image\imgacqu\imgacqu\x64\release\qt\uic\ui_wgtregno21.h
d:\a2_mingzhi\image\imgacqu\imgacqu\x64\release\qt\uic\ui_wgtregno3.h
d:\a2_mingzhi\image\imgacqu\imgacqu\x64\release\qt\uic\ui_wgtregno4.h
d:\a2_mingzhi\image\imgacqu\imgacqu\x64\release\qt\uic\ui_wgtregno41.h
d:\a2_mingzhi\image\imgacqu\imgacqu\x64\release\qt\uic\ui_wgtregno5.h
d:\a2_mingzhi\image\imgacqu\imgacqu\x64\release\qt\uic\ui_wgtregno51.h
d:\a2_mingzhi\image\imgacqu\imgacqu\x64\release\qt\uic\ui_wgtregno6.h
d:\a2_mingzhi\image\imgacqu\imgacqu\x64\release\qt\uic\ui_wgtverifyno21.h
d:\a2_mingzhi\image\imgacqu\imgacqu\x64\release\qt\uic\ui_wgtverifyno4.h
d:\a2_mingzhi\image\imgacqu\imgacqu\x64\release\qt\uic\ui_wgtverifyno1.h
d:\a2_mingzhi\image\imgacqu\imgacqu\x64\release\qt\uic\ui_wgtverifyno2.h
d:\a2_mingzhi\image\imgacqu\imgacqu\x64\release\qt\uic\ui_wgtverifyno3.h
d:\a2_mingzhi\image\imgacqu\imgacqu\x64\release\qt\uic\ui_wgtverifyno31.h
d:\a2_mingzhi\image\imgacqu\imgacqu\x64\release\qt\uic\ui_wgtverifyno41.h
d:\a2_mingzhi\image\imgacqu\imgacqu\x64\release\qt\uic\ui_wgtverifyno5.h
d:\a2_mingzhi\image\imgacqu\imgacqu\x64\release\qt\uic\ui_wgtverifyno6.h
d:\a2_mingzhi\image\imgacqu\imgacqu\x64\release\qt\uic\ui_wgtverifyno61.h
d:\a2_mingzhi\image\imgacqu\imgacqu\x64\release\qt\uic\ui_wgtbegan.h
d:\a2_mingzhi\image\imgacqu\imgacqu\x64\release\qt\uic\ui_wgthome.h
d:\a2_mingzhi\image\imgacqu\imgacqu\x64\release\qt\uic\ui_wgtlogo.h
d:\a2_mingzhi\image\imgacqu\imgacqu\x64\release\qt\uic\ui_wgtmain.h
d:\a2_mingzhi\image\imgacqu\imgacqu\x64\release\qt\uic\ui_wgtprogress.h
d:\a2_mingzhi\image\imgacqu\imgacqu\x64\release\qt\uic\ui_wgtreg.h
d:\a2_mingzhi\image\imgacqu\imgacqu\x64\release\qt\uic\ui_wgtset.h
d:\a2_mingzhi\image\imgacqu\imgacqu\x64\release\qt\uic\ui_wgtsetnetcamera.h
d:\a2_mingzhi\image\imgacqu\imgacqu\x64\release\qt\uic\ui_wgtverify.h
d:\a2_mingzhi\image\imgacqu\imgacqu\x64\release\qt\rcc\qrc_main.cpp
d:\a2_mingzhi\image\imgacqu\imgacqu\x64\release\qt\moc\moc_wgtmain.cpp
d:\a2_mingzhi\image\imgacqu\imgacqu\x64\release\qt\moc\moc_dbpage.cpp
d:\a2_mingzhi\image\imgacqu\imgacqu\x64\release\qt\moc\moc_zxingqtreader.cpp
d:\a2_mingzhi\image\imgacqu\imgacqu\x64\release\qt\moc\moc_usbcamera.cpp
d:\a2_mingzhi\image\imgacqu\imgacqu\x64\release\qt\moc\moc_regthread.cpp
d:\a2_mingzhi\image\imgacqu\imgacqu\x64\release\qt\moc\moc_wgtregno2.cpp
d:\a2_mingzhi\image\imgacqu\imgacqu\x64\release\qt\moc\moc_imagewidget.cpp
d:\a2_mingzhi\image\imgacqu\imgacqu\x64\release\qt\moc\moc_wgtregno21.cpp
d:\a2_mingzhi\image\imgacqu\imgacqu\x64\release\qt\moc\moc_netcamera.cpp
d:\a2_mingzhi\image\imgacqu\imgacqu\x64\release\qt\moc\moc_appconfig.cpp
d:\a2_mingzhi\image\imgacqu\imgacqu\x64\release\qt\moc\moc_dlgimageview.cpp
d:\a2_mingzhi\image\imgacqu\imgacqu\x64\release\qt\moc\moc_nativemark.cpp
d:\a2_mingzhi\image\imgacqu\imgacqu\x64\release\qt\moc\moc_networkserver.cpp
d:\a2_mingzhi\image\imgacqu\imgacqu\x64\release\qt\moc\moc_regdb.cpp
d:\a2_mingzhi\image\imgacqu\imgacqu\x64\release\qt\moc\moc_verifydb.cpp
d:\a2_mingzhi\image\imgacqu\imgacqu\x64\release\qt\moc\moc_verifythread.cpp
d:\a2_mingzhi\image\imgacqu\imgacqu\x64\release\qt\moc\moc_netimageload.cpp
d:\a2_mingzhi\image\imgacqu\imgacqu\x64\release\qt\moc\moc_labelprint.cpp
d:\a2_mingzhi\image\imgacqu\imgacqu\x64\release\qt\moc\moc_bluetoothpairer.cpp
d:\a2_mingzhi\image\imgacqu\imgacqu\x64\release\qt\moc\moc_wgtregno51.cpp
d:\a2_mingzhi\image\imgacqu\imgacqu\x64\release\qt\moc\moc_refreshviewlabel.cpp
d:\a2_mingzhi\image\imgacqu\imgacqu\x64\release\qt\moc\moc_networkspeedtester.cpp
d:\a2_mingzhi\image\imgacqu\imgacqu\x64\release\qt\moc\moc_wgtprogress1.cpp
d:\a2_mingzhi\image\imgacqu\imgacqu\x64\release\qt\moc\moc_wgtprogress2.cpp
d:\a2_mingzhi\image\imgacqu\imgacqu\x64\release\qt\moc\moc_minios3client.cpp
d:\a2_mingzhi\image\imgacqu\imgacqu\x64\release\qt\moc\moc_ringwait.cpp
d:\a2_mingzhi\image\imgacqu\imgacqu\x64\release\qt\moc\moc_batchview.cpp
d:\a2_mingzhi\image\imgacqu\imgacqu\x64\release\qt\moc\moc_dlginfo.cpp
d:\a2_mingzhi\image\imgacqu\imgacqu\x64\release\qt\moc\moc_wgtverifyno31.cpp
d:\a2_mingzhi\image\imgacqu\imgacqu\x64\release\qt\moc\moc_wgtverifyno41.cpp
d:\a2_mingzhi\image\imgacqu\imgacqu\x64\release\qt\moc\moc_wgtregno41.cpp
d:\a2_mingzhi\image\imgacqu\imgacqu\x64\release\qt\moc\moc_wgtverifyno21.cpp
d:\a2_mingzhi\image\imgacqu\imgacqu\x64\release\qt\moc\moc_dlginput.cpp
d:\a2_mingzhi\image\imgacqu\imgacqu\x64\release\qt\moc\moc_wgtverifyno61.cpp
d:\a2_mingzhi\image\imgacqu\imgacqu\x64\release\qt\moc\moc_wgtsetnetcamera.cpp
d:\a2_mingzhi\image\imgacqu\imgacqu\x64\release\qt\moc\moc_wgtverifyno6.cpp
d:\a2_mingzhi\image\imgacqu\imgacqu\x64\release\qt\moc\moc_wgtverifyno5.cpp
d:\a2_mingzhi\image\imgacqu\imgacqu\x64\release\qt\moc\moc_wgtverifyno4.cpp
d:\a2_mingzhi\image\imgacqu\imgacqu\x64\release\qt\moc\moc_wgtverifyno3.cpp
d:\a2_mingzhi\image\imgacqu\imgacqu\x64\release\qt\moc\moc_wgtverifyno2.cpp
d:\a2_mingzhi\image\imgacqu\imgacqu\x64\release\qt\moc\moc_wgtverifyno1.cpp
d:\a2_mingzhi\image\imgacqu\imgacqu\x64\release\qt\moc\moc_wgtregno6.cpp
d:\a2_mingzhi\image\imgacqu\imgacqu\x64\release\qt\moc\moc_wgtregno5.cpp
d:\a2_mingzhi\image\imgacqu\imgacqu\x64\release\qt\moc\moc_wgtregno4.cpp
d:\a2_mingzhi\image\imgacqu\imgacqu\x64\release\qt\moc\moc_wgtregno3.cpp
d:\a2_mingzhi\image\imgacqu\imgacqu\x64\release\qt\moc\moc_wgtregno1.cpp
d:\a2_mingzhi\image\imgacqu\imgacqu\x64\release\qt\moc\moc_wgtverify.cpp
d:\a2_mingzhi\image\imgacqu\imgacqu\x64\release\qt\moc\moc_wgtreg.cpp
d:\a2_mingzhi\image\imgacqu\imgacqu\x64\release\qt\moc\moc_wgtprogress.cpp
d:\a2_mingzhi\image\imgacqu\imgacqu\x64\release\qt\moc\moc_wgtset.cpp
d:\a2_mingzhi\image\imgacqu\imgacqu\x64\release\qt\moc\moc_wgthome.cpp
d:\a2_mingzhi\image\imgacqu\imgacqu\x64\release\qt\moc\moc_wgtlogo.cpp
d:\a2_mingzhi\image\imgacqu\imgacqu\x64\release\qt\moc\moc_wgtbegan.cpp
d:\a2_mingzhi\image\imgacqu\imgacqu\x64\release\qt\moc\moc_netcamera_p.cpp
d:\a2_mingzhi\image\imgacqu\x64\imgacqu\bin\qt6bluetooth.dll
d:\a2_mingzhi\image\imgacqu\x64\imgacqu\bin\qt6concurrent.dll
d:\a2_mingzhi\image\imgacqu\x64\imgacqu\bin\qt6core.dll
d:\a2_mingzhi\image\imgacqu\x64\imgacqu\bin\qt6gui.dll
d:\a2_mingzhi\image\imgacqu\x64\imgacqu\bin\qt6multimedia.dll
d:\a2_mingzhi\image\imgacqu\x64\imgacqu\bin\qt6multimediawidgets.dll
d:\a2_mingzhi\image\imgacqu\x64\imgacqu\bin\qt6network.dll
d:\a2_mingzhi\image\imgacqu\x64\imgacqu\bin\qt6serialport.dll
d:\a2_mingzhi\image\imgacqu\x64\imgacqu\bin\qt6sql.dll
d:\a2_mingzhi\image\imgacqu\x64\imgacqu\bin\qt6svg.dll
d:\a2_mingzhi\image\imgacqu\x64\imgacqu\bin\qt6widgets.dll
d:\a2_mingzhi\image\imgacqu\x64\imgacqu\bin\opengl32sw.dll
d:\a2_mingzhi\image\imgacqu\x64\imgacqu\bin\d3dcompiler_47.dll
d:\a2_mingzhi\image\imgacqu\x64\imgacqu\bin\avcodec-61.dll
d:\a2_mingzhi\image\imgacqu\x64\imgacqu\bin\avformat-61.dll
d:\a2_mingzhi\image\imgacqu\x64\imgacqu\bin\avutil-59.dll
d:\a2_mingzhi\image\imgacqu\x64\imgacqu\bin\swresample-5.dll
d:\a2_mingzhi\image\imgacqu\x64\imgacqu\bin\swscale-8.dll
d:\a2_mingzhi\image\imgacqu\x64\imgacqu\bin\vc_redist.x64.exe
d:\a2_mingzhi\image\imgacqu\x64\imgacqu\bin\generic\qtuiotouchplugin.dll
d:\a2_mingzhi\image\imgacqu\x64\imgacqu\bin\iconengines\qsvgicon.dll
d:\a2_mingzhi\image\imgacqu\x64\imgacqu\bin\imageformats\qgif.dll
d:\a2_mingzhi\image\imgacqu\x64\imgacqu\bin\imageformats\qicns.dll
d:\a2_mingzhi\image\imgacqu\x64\imgacqu\bin\imageformats\qico.dll
d:\a2_mingzhi\image\imgacqu\x64\imgacqu\bin\imageformats\qjpeg.dll
d:\a2_mingzhi\image\imgacqu\x64\imgacqu\bin\imageformats\qsvg.dll
d:\a2_mingzhi\image\imgacqu\x64\imgacqu\bin\imageformats\qtga.dll
d:\a2_mingzhi\image\imgacqu\x64\imgacqu\bin\imageformats\qtiff.dll
d:\a2_mingzhi\image\imgacqu\x64\imgacqu\bin\imageformats\qwbmp.dll
d:\a2_mingzhi\image\imgacqu\x64\imgacqu\bin\imageformats\qwebp.dll
d:\a2_mingzhi\image\imgacqu\x64\imgacqu\bin\multimedia\ffmpegmediaplugin.dll
d:\a2_mingzhi\image\imgacqu\x64\imgacqu\bin\multimedia\windowsmediaplugin.dll
d:\a2_mingzhi\image\imgacqu\x64\imgacqu\bin\networkinformation\qnetworklistmanager.dll
d:\a2_mingzhi\image\imgacqu\x64\imgacqu\bin\platforms\qwindows.dll
d:\a2_mingzhi\image\imgacqu\x64\imgacqu\bin\sqldrivers\qsqlite.dll
d:\a2_mingzhi\image\imgacqu\x64\imgacqu\bin\sqldrivers\qsqlmimer.dll
d:\a2_mingzhi\image\imgacqu\x64\imgacqu\bin\sqldrivers\qsqlodbc.dll
d:\a2_mingzhi\image\imgacqu\x64\imgacqu\bin\sqldrivers\qsqlpsql.dll
d:\a2_mingzhi\image\imgacqu\x64\imgacqu\bin\styles\qmodernwindowsstyle.dll
d:\a2_mingzhi\image\imgacqu\x64\imgacqu\bin\tls\qcertonlybackend.dll
d:\a2_mingzhi\image\imgacqu\x64\imgacqu\bin\tls\qopensslbackend.dll
d:\a2_mingzhi\image\imgacqu\x64\imgacqu\bin\tls\qschannelbackend.dll
d:\a2_mingzhi\image\imgacqu\x64\imgacqu\bin\translations\qt_ar.qm
d:\a2_mingzhi\image\imgacqu\x64\imgacqu\bin\translations\qt_bg.qm
d:\a2_mingzhi\image\imgacqu\x64\imgacqu\bin\translations\qt_ca.qm
d:\a2_mingzhi\image\imgacqu\x64\imgacqu\bin\translations\qt_cs.qm
d:\a2_mingzhi\image\imgacqu\x64\imgacqu\bin\translations\qt_da.qm
d:\a2_mingzhi\image\imgacqu\x64\imgacqu\bin\translations\qt_de.qm
d:\a2_mingzhi\image\imgacqu\x64\imgacqu\bin\translations\qt_en.qm
d:\a2_mingzhi\image\imgacqu\x64\imgacqu\bin\translations\qt_es.qm
d:\a2_mingzhi\image\imgacqu\x64\imgacqu\bin\translations\qt_fa.qm
d:\a2_mingzhi\image\imgacqu\x64\imgacqu\bin\translations\qt_fi.qm
d:\a2_mingzhi\image\imgacqu\x64\imgacqu\bin\translations\qt_fr.qm
d:\a2_mingzhi\image\imgacqu\x64\imgacqu\bin\translations\qt_gd.qm
d:\a2_mingzhi\image\imgacqu\x64\imgacqu\bin\translations\qt_he.qm
d:\a2_mingzhi\image\imgacqu\x64\imgacqu\bin\translations\qt_hr.qm
d:\a2_mingzhi\image\imgacqu\x64\imgacqu\bin\translations\qt_hu.qm
d:\a2_mingzhi\image\imgacqu\x64\imgacqu\bin\translations\qt_it.qm
d:\a2_mingzhi\image\imgacqu\x64\imgacqu\bin\translations\qt_ja.qm
d:\a2_mingzhi\image\imgacqu\x64\imgacqu\bin\translations\qt_ka.qm
d:\a2_mingzhi\image\imgacqu\x64\imgacqu\bin\translations\qt_ko.qm
d:\a2_mingzhi\image\imgacqu\x64\imgacqu\bin\translations\qt_lg.qm
d:\a2_mingzhi\image\imgacqu\x64\imgacqu\bin\translations\qt_lv.qm
d:\a2_mingzhi\image\imgacqu\x64\imgacqu\bin\translations\qt_nl.qm
d:\a2_mingzhi\image\imgacqu\x64\imgacqu\bin\translations\qt_nn.qm
d:\a2_mingzhi\image\imgacqu\x64\imgacqu\bin\translations\qt_pl.qm
d:\a2_mingzhi\image\imgacqu\x64\imgacqu\bin\translations\qt_pt_br.qm
d:\a2_mingzhi\image\imgacqu\x64\imgacqu\bin\translations\qt_ru.qm
d:\a2_mingzhi\image\imgacqu\x64\imgacqu\bin\translations\qt_sk.qm
d:\a2_mingzhi\image\imgacqu\x64\imgacqu\bin\translations\qt_tr.qm
d:\a2_mingzhi\image\imgacqu\x64\imgacqu\bin\translations\qt_uk.qm
d:\a2_mingzhi\image\imgacqu\x64\imgacqu\bin\translations\qt_zh_cn.qm
d:\a2_mingzhi\image\imgacqu\x64\imgacqu\bin\translations\qt_zh_tw.qm
d:\a2_mingzhi\image\imgacqu\imgacqu\x64\release\windeployqt.log
d:\a2_mingzhi\image\imgacqu\x64\imgacqu\bin\imgacqu.exe
d:\a2_mingzhi\image\imgacqu\imgacqu\x64\release\imgacqu.ipdb
d:\a2_mingzhi\image\imgacqu\imgacqu\x64\release\imgacqu.iobj
d:\a2_mingzhi\image\imgacqu\imgacqu\x64\release\imgacqu.tlog\cl.command.1.tlog
d:\a2_mingzhi\image\imgacqu\imgacqu\x64\release\imgacqu.tlog\cl.items.tlog
d:\a2_mingzhi\image\imgacqu\imgacqu\x64\release\imgacqu.tlog\cl.read.1.tlog
d:\a2_mingzhi\image\imgacqu\imgacqu\x64\release\imgacqu.tlog\cl.write.1.tlog
d:\a2_mingzhi\image\imgacqu\imgacqu\x64\release\imgacqu.tlog\copylocal.read.1u.tlog
d:\a2_mingzhi\image\imgacqu\imgacqu\x64\release\imgacqu.tlog\copylocal.write.1u.tlog
d:\a2_mingzhi\image\imgacqu\imgacqu\x64\release\imgacqu.tlog\imgacqu.write.1u.tlog
d:\a2_mingzhi\image\imgacqu\imgacqu\x64\release\imgacqu.tlog\link.command.1.tlog
d:\a2_mingzhi\image\imgacqu\imgacqu\x64\release\imgacqu.tlog\link.read.1.tlog
d:\a2_mingzhi\image\imgacqu\imgacqu\x64\release\imgacqu.tlog\link.secondary.1.tlog
d:\a2_mingzhi\image\imgacqu\imgacqu\x64\release\imgacqu.tlog\link.write.1.tlog
d:\a2_mingzhi\image\imgacqu\imgacqu\x64\release\imgacqu.tlog\moc.read.1u.tlog
d:\a2_mingzhi\image\imgacqu\imgacqu\x64\release\imgacqu.tlog\moc.write.1u.tlog
d:\a2_mingzhi\image\imgacqu\imgacqu\x64\release\imgacqu.tlog\rcc.read.1u.tlog
d:\a2_mingzhi\image\imgacqu\imgacqu\x64\release\imgacqu.tlog\rcc.write.1u.tlog
d:\a2_mingzhi\image\imgacqu\imgacqu\x64\release\imgacqu.tlog\uic.read.1u.tlog
d:\a2_mingzhi\image\imgacqu\imgacqu\x64\release\imgacqu.tlog\uic.write.1u.tlog
d:\a2_mingzhi\image\imgacqu\imgacqu\x64\release\imgacqu.tlog\windeployqt.read.1u.tlog
d:\a2_mingzhi\image\imgacqu\imgacqu\x64\release\imgacqu.tlog\windeployqt.write.1u.tlog
