  E:\project\imgacqu\imgacqu\rc\config\appconf.json -> E:\project\imgacqu\x64\imgacqu\bin\sysconf\appconf.json
  复制了 1 个文件
   Qt/MSBuild: 3.5.0.0
   Qt: 6.11.0
  正在生成代码
  1 of 9924 functions (<0.1%) were compiled, the rest were copied from previous compilation.
    0 functions were new in current compilation
    0 functions had inline decision re-evaluated but remain unchanged
  已完成代码的生成
  imgacqu.vcxproj -> E:\project\imgacqu\x64\imgacqu\bin\imgacqu.exe
  Qt Deploy: "D:/Qt/6.11.0/msvc2022_64/bin\windeployqt.exe" --list target --qmldir E:\project\imgacqu\imgacqu\ --dir E:\project\imgacqu\x64\imgacqu\bin\ E:\project\imgacqu\x64\imgacqu\bin\imgacqu.exe
EXEC : warning : Cannot find any version of the dxcompiler.dll and dxil.dll.
  E:\project\imgacqu\third_lib\ffmpeg\bin\x64\avcodec-58.dll
  E:\project\imgacqu\third_lib\ffmpeg\bin\x64\avdevice-58.dll
  E:\project\imgacqu\third_lib\ffmpeg\bin\x64\avfilter-7.dll
  E:\project\imgacqu\third_lib\ffmpeg\bin\x64\avformat-58.dll
  E:\project\imgacqu\third_lib\ffmpeg\bin\x64\avutil-56.dll
  E:\project\imgacqu\third_lib\ffmpeg\bin\x64\postproc-55.dll
  E:\project\imgacqu\third_lib\ffmpeg\bin\x64\swresample-3.dll
  E:\project\imgacqu\third_lib\ffmpeg\bin\x64\swscale-5.dll
  复制了 8 个文件
  E:\project\imgacqu\third_lib\slncam\bin\x64\lua-5.3.5.dll
  E:\project\imgacqu\third_lib\slncam\bin\x64\l_sdk.dll
  E:\project\imgacqu\third_lib\slncam\bin\x64\l_tpool.dll
  复制了 3 个文件
  E:\project\imgacqu\third_lib\opencv\x64\Release\bin\opencv_world4110.dll
  复制了 1 个文件
  E:\project\imgacqu\third_lib\minio\x64\Release\bin\curlpp-config
  E:\project\imgacqu\third_lib\minio\x64\Release\bin\curlpp.dll
  E:\project\imgacqu\third_lib\minio\x64\Release\bin\legacy.dll
  E:\project\imgacqu\third_lib\minio\x64\Release\bin\libcrypto-3-x64.dll
  E:\project\imgacqu\third_lib\minio\x64\Release\bin\libcurl.dll
  E:\project\imgacqu\third_lib\minio\x64\Release\bin\libssl-3-x64.dll
  E:\project\imgacqu\third_lib\minio\x64\Release\bin\pugixml.dll
  E:\project\imgacqu\third_lib\minio\x64\Release\bin\wcurl
  E:\project\imgacqu\third_lib\minio\x64\Release\bin\zlib1.dll
  复制了 9 个文件
  E:\project\imgacqu\third_lib\autoreplyprint\bin\autoreplyprint.dll
  复制了 1 个文件
  E:\project\imgacqu\third_lib\bluetooth\btcom.exe
  E:\project\imgacqu\third_lib\bluetooth\btpair.exe
  复制了 2 个文件
