E:\project\imgacqu\x64\imgacqu\bin\\icuuc.dll
E:\project\imgacqu\x64\imgacqu\bin\\Qt6Bluetooth.dll
E:\project\imgacqu\x64\imgacqu\bin\\Qt6Concurrent.dll
E:\project\imgacqu\x64\imgacqu\bin\\Qt6Core.dll
E:\project\imgacqu\x64\imgacqu\bin\\Qt6Gui.dll
E:\project\imgacqu\x64\imgacqu\bin\\Qt6Multimedia.dll
E:\project\imgacqu\x64\imgacqu\bin\\Qt6MultimediaWidgets.dll
E:\project\imgacqu\x64\imgacqu\bin\\Qt6Network.dll
E:\project\imgacqu\x64\imgacqu\bin\\Qt6SerialPort.dll
E:\project\imgacqu\x64\imgacqu\bin\\Qt6Sql.dll
E:\project\imgacqu\x64\imgacqu\bin\\Qt6Svg.dll
E:\project\imgacqu\x64\imgacqu\bin\\Qt6Widgets.dll
E:\project\imgacqu\x64\imgacqu\bin\\opengl32sw.dll
E:\project\imgacqu\x64\imgacqu\bin\\D3Dcompiler_47.dll
E:\project\imgacqu\x64\imgacqu\bin\\avcodec-61.dll
E:\project\imgacqu\x64\imgacqu\bin\\avformat-61.dll
E:\project\imgacqu\x64\imgacqu\bin\\avutil-59.dll
E:\project\imgacqu\x64\imgacqu\bin\\swresample-5.dll
E:\project\imgacqu\x64\imgacqu\bin\\swscale-8.dll
E:\project\imgacqu\x64\imgacqu\bin\\vc_redist.x64.exe
E:\project\imgacqu\x64\imgacqu\bin\generic\qtuiotouchplugin.dll
E:\project\imgacqu\x64\imgacqu\bin\iconengines\qsvgicon.dll
E:\project\imgacqu\x64\imgacqu\bin\imageformats\qgif.dll
E:\project\imgacqu\x64\imgacqu\bin\imageformats\qicns.dll
E:\project\imgacqu\x64\imgacqu\bin\imageformats\qico.dll
E:\project\imgacqu\x64\imgacqu\bin\imageformats\qjpeg.dll
E:\project\imgacqu\x64\imgacqu\bin\imageformats\qsvg.dll
E:\project\imgacqu\x64\imgacqu\bin\imageformats\qtga.dll
E:\project\imgacqu\x64\imgacqu\bin\imageformats\qtiff.dll
E:\project\imgacqu\x64\imgacqu\bin\imageformats\qwbmp.dll
E:\project\imgacqu\x64\imgacqu\bin\imageformats\qwebp.dll
E:\project\imgacqu\x64\imgacqu\bin\multimedia\ffmpegmediaplugin.dll
E:\project\imgacqu\x64\imgacqu\bin\multimedia\windowsmediaplugin.dll
E:\project\imgacqu\x64\imgacqu\bin\networkinformation\qnetworklistmanager.dll
E:\project\imgacqu\x64\imgacqu\bin\platforms\qwindows.dll
E:\project\imgacqu\x64\imgacqu\bin\sqldrivers\qsqlibase.dll
E:\project\imgacqu\x64\imgacqu\bin\sqldrivers\qsqlite.dll
E:\project\imgacqu\x64\imgacqu\bin\sqldrivers\qsqlmimer.dll
E:\project\imgacqu\x64\imgacqu\bin\sqldrivers\qsqloci.dll
E:\project\imgacqu\x64\imgacqu\bin\sqldrivers\qsqlodbc.dll
E:\project\imgacqu\x64\imgacqu\bin\sqldrivers\qsqlpsql.dll
E:\project\imgacqu\x64\imgacqu\bin\styles\qmodernwindowsstyle.dll
E:\project\imgacqu\x64\imgacqu\bin\tls\qcertonlybackend.dll
E:\project\imgacqu\x64\imgacqu\bin\tls\qopensslbackend.dll
E:\project\imgacqu\x64\imgacqu\bin\tls\qschannelbackend.dll
E:\project\imgacqu\x64\imgacqu\bin\translations\qt_ar.qm
E:\project\imgacqu\x64\imgacqu\bin\translations\qtbase_ar.qm
E:\project\imgacqu\x64\imgacqu\bin\translations\qtmultimedia_ar.qm
E:\project\imgacqu\x64\imgacqu\bin\translations\qt_bg.qm
E:\project\imgacqu\x64\imgacqu\bin\translations\qtbase_bg.qm
E:\project\imgacqu\x64\imgacqu\bin\translations\qtconnectivity_bg.qm
E:\project\imgacqu\x64\imgacqu\bin\translations\qtmultimedia_bg.qm
E:\project\imgacqu\x64\imgacqu\bin\translations\qt_ca.qm
E:\project\imgacqu\x64\imgacqu\bin\translations\qtbase_ca.qm
E:\project\imgacqu\x64\imgacqu\bin\translations\qtconnectivity_ca.qm
E:\project\imgacqu\x64\imgacqu\bin\translations\qtmultimedia_ca.qm
E:\project\imgacqu\x64\imgacqu\bin\translations\qt_cs.qm
E:\project\imgacqu\x64\imgacqu\bin\translations\qtbase_cs.qm
E:\project\imgacqu\x64\imgacqu\bin\translations\qtmultimedia_cs.qm
E:\project\imgacqu\x64\imgacqu\bin\translations\qt_da.qm
E:\project\imgacqu\x64\imgacqu\bin\translations\qtbase_da.qm
E:\project\imgacqu\x64\imgacqu\bin\translations\qtconnectivity_da.qm
E:\project\imgacqu\x64\imgacqu\bin\translations\qtmultimedia_da.qm
E:\project\imgacqu\x64\imgacqu\bin\translations\qt_de.qm
E:\project\imgacqu\x64\imgacqu\bin\translations\qtbase_de.qm
E:\project\imgacqu\x64\imgacqu\bin\translations\qtconnectivity_de.qm
E:\project\imgacqu\x64\imgacqu\bin\translations\qtmultimedia_de.qm
E:\project\imgacqu\x64\imgacqu\bin\translations\qtserialport_de.qm
E:\project\imgacqu\x64\imgacqu\bin\translations\qt_en.qm
E:\project\imgacqu\x64\imgacqu\bin\translations\qtbase_en.qm
E:\project\imgacqu\x64\imgacqu\bin\translations\qtconnectivity_en.qm
E:\project\imgacqu\x64\imgacqu\bin\translations\qtmultimedia_en.qm
E:\project\imgacqu\x64\imgacqu\bin\translations\qtserialport_en.qm
E:\project\imgacqu\x64\imgacqu\bin\translations\qt_es.qm
E:\project\imgacqu\x64\imgacqu\bin\translations\qtbase_es.qm
E:\project\imgacqu\x64\imgacqu\bin\translations\qtconnectivity_es.qm
E:\project\imgacqu\x64\imgacqu\bin\translations\qtmultimedia_es.qm
E:\project\imgacqu\x64\imgacqu\bin\translations\qtserialport_es.qm
E:\project\imgacqu\x64\imgacqu\bin\translations\qt_fa.qm
E:\project\imgacqu\x64\imgacqu\bin\translations\qtbase_fa.qm
E:\project\imgacqu\x64\imgacqu\bin\translations\qtmultimedia_fa.qm
E:\project\imgacqu\x64\imgacqu\bin\translations\qt_fi.qm
E:\project\imgacqu\x64\imgacqu\bin\translations\qtbase_fi.qm
E:\project\imgacqu\x64\imgacqu\bin\translations\qtmultimedia_fi.qm
E:\project\imgacqu\x64\imgacqu\bin\translations\qt_fr.qm
E:\project\imgacqu\x64\imgacqu\bin\translations\qtbase_fr.qm
E:\project\imgacqu\x64\imgacqu\bin\translations\qtmultimedia_fr.qm
E:\project\imgacqu\x64\imgacqu\bin\translations\qt_gd.qm
E:\project\imgacqu\x64\imgacqu\bin\translations\qtbase_gd.qm
E:\project\imgacqu\x64\imgacqu\bin\translations\qt_he.qm
E:\project\imgacqu\x64\imgacqu\bin\translations\qtbase_he.qm
E:\project\imgacqu\x64\imgacqu\bin\translations\qt_hr.qm
E:\project\imgacqu\x64\imgacqu\bin\translations\qtbase_hr.qm
E:\project\imgacqu\x64\imgacqu\bin\translations\qtconnectivity_hr.qm
E:\project\imgacqu\x64\imgacqu\bin\translations\qtmultimedia_hr.qm
E:\project\imgacqu\x64\imgacqu\bin\translations\qt_hu.qm
E:\project\imgacqu\x64\imgacqu\bin\translations\qtbase_hu.qm
E:\project\imgacqu\x64\imgacqu\bin\translations\qtconnectivity_hu.qm
E:\project\imgacqu\x64\imgacqu\bin\translations\qtmultimedia_hu.qm
E:\project\imgacqu\x64\imgacqu\bin\translations\qt_it.qm
E:\project\imgacqu\x64\imgacqu\bin\translations\qtbase_it.qm
E:\project\imgacqu\x64\imgacqu\bin\translations\qtmultimedia_it.qm
E:\project\imgacqu\x64\imgacqu\bin\translations\qt_ja.qm
E:\project\imgacqu\x64\imgacqu\bin\translations\qtbase_ja.qm
E:\project\imgacqu\x64\imgacqu\bin\translations\qtmultimedia_ja.qm
E:\project\imgacqu\x64\imgacqu\bin\translations\qtserialport_ja.qm
E:\project\imgacqu\x64\imgacqu\bin\translations\qt_ka.qm
E:\project\imgacqu\x64\imgacqu\bin\translations\qtbase_ka.qm
E:\project\imgacqu\x64\imgacqu\bin\translations\qtconnectivity_ka.qm
E:\project\imgacqu\x64\imgacqu\bin\translations\qtmultimedia_ka.qm
E:\project\imgacqu\x64\imgacqu\bin\translations\qtserialport_ka.qm
E:\project\imgacqu\x64\imgacqu\bin\translations\qt_ko.qm
E:\project\imgacqu\x64\imgacqu\bin\translations\qtbase_ko.qm
E:\project\imgacqu\x64\imgacqu\bin\translations\qtconnectivity_ko.qm
E:\project\imgacqu\x64\imgacqu\bin\translations\qtmultimedia_ko.qm
E:\project\imgacqu\x64\imgacqu\bin\translations\qtserialport_ko.qm
E:\project\imgacqu\x64\imgacqu\bin\translations\qt_lg.qm
E:\project\imgacqu\x64\imgacqu\bin\translations\qtbase_lg.qm
E:\project\imgacqu\x64\imgacqu\bin\translations\qt_lv.qm
E:\project\imgacqu\x64\imgacqu\bin\translations\qtbase_lv.qm
E:\project\imgacqu\x64\imgacqu\bin\translations\qt_nl.qm
E:\project\imgacqu\x64\imgacqu\bin\translations\qtbase_nl.qm
E:\project\imgacqu\x64\imgacqu\bin\translations\qtconnectivity_nl.qm
E:\project\imgacqu\x64\imgacqu\bin\translations\qtmultimedia_nl.qm
E:\project\imgacqu\x64\imgacqu\bin\translations\qt_nn.qm
E:\project\imgacqu\x64\imgacqu\bin\translations\qtbase_nn.qm
E:\project\imgacqu\x64\imgacqu\bin\translations\qtmultimedia_nn.qm
E:\project\imgacqu\x64\imgacqu\bin\translations\qt_pl.qm
E:\project\imgacqu\x64\imgacqu\bin\translations\qtbase_pl.qm
E:\project\imgacqu\x64\imgacqu\bin\translations\qtconnectivity_pl.qm
E:\project\imgacqu\x64\imgacqu\bin\translations\qtmultimedia_pl.qm
E:\project\imgacqu\x64\imgacqu\bin\translations\qtserialport_pl.qm
E:\project\imgacqu\x64\imgacqu\bin\translations\qt_pt_BR.qm
E:\project\imgacqu\x64\imgacqu\bin\translations\qtbase_pt_BR.qm
E:\project\imgacqu\x64\imgacqu\bin\translations\qtconnectivity_pt_BR.qm
E:\project\imgacqu\x64\imgacqu\bin\translations\qtmultimedia_pt_BR.qm
E:\project\imgacqu\x64\imgacqu\bin\translations\qtserialport_pt_BR.qm
E:\project\imgacqu\x64\imgacqu\bin\translations\qt_ru.qm
E:\project\imgacqu\x64\imgacqu\bin\translations\qtbase_ru.qm
E:\project\imgacqu\x64\imgacqu\bin\translations\qtconnectivity_ru.qm
E:\project\imgacqu\x64\imgacqu\bin\translations\qtmultimedia_ru.qm
E:\project\imgacqu\x64\imgacqu\bin\translations\qtserialport_ru.qm
E:\project\imgacqu\x64\imgacqu\bin\translations\qt_sk.qm
E:\project\imgacqu\x64\imgacqu\bin\translations\qtbase_sk.qm
E:\project\imgacqu\x64\imgacqu\bin\translations\qtmultimedia_sk.qm
E:\project\imgacqu\x64\imgacqu\bin\translations\qt_sv.qm
E:\project\imgacqu\x64\imgacqu\bin\translations\qtbase_sv.qm
E:\project\imgacqu\x64\imgacqu\bin\translations\qtconnectivity_sv.qm
E:\project\imgacqu\x64\imgacqu\bin\translations\qtmultimedia_sv.qm
E:\project\imgacqu\x64\imgacqu\bin\translations\qtserialport_sv.qm
E:\project\imgacqu\x64\imgacqu\bin\translations\qt_tr.qm
E:\project\imgacqu\x64\imgacqu\bin\translations\qtbase_tr.qm
E:\project\imgacqu\x64\imgacqu\bin\translations\qtconnectivity_tr.qm
E:\project\imgacqu\x64\imgacqu\bin\translations\qtmultimedia_tr.qm
E:\project\imgacqu\x64\imgacqu\bin\translations\qtserialport_tr.qm
E:\project\imgacqu\x64\imgacqu\bin\translations\qt_uk.qm
E:\project\imgacqu\x64\imgacqu\bin\translations\qtbase_uk.qm
E:\project\imgacqu\x64\imgacqu\bin\translations\qtconnectivity_uk.qm
E:\project\imgacqu\x64\imgacqu\bin\translations\qtmultimedia_uk.qm
E:\project\imgacqu\x64\imgacqu\bin\translations\qtserialport_uk.qm
E:\project\imgacqu\x64\imgacqu\bin\translations\qt_zh_CN.qm
E:\project\imgacqu\x64\imgacqu\bin\translations\qtbase_zh_CN.qm
E:\project\imgacqu\x64\imgacqu\bin\translations\qtconnectivity_zh_CN.qm
E:\project\imgacqu\x64\imgacqu\bin\translations\qtmultimedia_zh_CN.qm
E:\project\imgacqu\x64\imgacqu\bin\translations\qtserialport_zh_CN.qm
E:\project\imgacqu\x64\imgacqu\bin\translations\qt_zh_TW.qm
E:\project\imgacqu\x64\imgacqu\bin\translations\qtbase_zh_TW.qm
E:\project\imgacqu\x64\imgacqu\bin\translations\qtmultimedia_zh_TW.qm
