  E:\project\imgacqu\imgacqu\rc\config\appconf.json -> E:\project\imgacqu\x64\Debug\sysconf\appconf.json
  复制了 1 个文件
   Qt/MSBuild: 3.5.0.0
   Qt: 6.11.0
  verifythread.cpp
miniocpp.lib(args.obj) : warning LNK4099: 未找到 PDB“miniocpp.pdb”(使用“miniocpp.lib(args.obj)”或在“E:\project\imgacqu\x64\Debug\miniocpp.pdb”中寻找)；正在链接对象，如同没有调试信息一样
miniocpp.lib(baseclient.obj) : warning LNK4099: 未找到 PDB“miniocpp.pdb”(使用“miniocpp.lib(baseclient.obj)”或在“E:\project\imgacqu\x64\Debug\miniocpp.pdb”中寻找)；正在链接对象，如同没有调试信息一样
miniocpp.lib(providers.obj) : warning LNK4099: 未找到 PDB“miniocpp.pdb”(使用“miniocpp.lib(providers.obj)”或在“E:\project\imgacqu\x64\Debug\miniocpp.pdb”中寻找)；正在链接对象，如同没有调试信息一样
miniocpp.lib(types.obj) : warning LNK4099: 未找到 PDB“miniocpp.pdb”(使用“miniocpp.lib(types.obj)”或在“E:\project\imgacqu\x64\Debug\miniocpp.pdb”中寻找)；正在链接对象，如同没有调试信息一样
miniocpp.lib(utils.obj) : warning LNK4099: 未找到 PDB“miniocpp.pdb”(使用“miniocpp.lib(utils.obj)”或在“E:\project\imgacqu\x64\Debug\miniocpp.pdb”中寻找)；正在链接对象，如同没有调试信息一样
  imgacqu.vcxproj -> E:\project\imgacqu\x64\Debug\imgacqu.exe
  Qt Deploy: "D:/Qt/6.11.0/msvc2022_64/bin\windeployqt.exe" --list target --qmldir E:\project\imgacqu\imgacqu\ --dir E:\project\imgacqu\x64\Debug\ E:\project\imgacqu\x64\Debug\imgacqu.exe
EXEC : warning : Cannot find any version of the dxcompiler.dll and dxil.dll.
  E:\project\imgacqu\third_lib\ffmpeg\bin\x64\avcodec-58.dll
  E:\project\imgacqu\third_lib\ffmpeg\bin\x64\avdevice-58.dll
  E:\project\imgacqu\third_lib\ffmpeg\bin\x64\avfilter-7.dll
  E:\project\imgacqu\third_lib\ffmpeg\bin\x64\avformat-58.dll
  E:\project\imgacqu\third_lib\ffmpeg\bin\x64\avutil-56.dll
  E:\project\imgacqu\third_lib\ffmpeg\bin\x64\postproc-55.dll
  E:\project\imgacqu\third_lib\ffmpeg\bin\x64\swresample-3.dll
  E:\project\imgacqu\third_lib\ffmpeg\bin\x64\swscale-5.dll
  复制了 8 个文件
  E:\project\imgacqu\third_lib\slncam\bin\x64\lua-5.3.5.dll
  E:\project\imgacqu\third_lib\slncam\bin\x64\l_sdk.dll
  E:\project\imgacqu\third_lib\slncam\bin\x64\l_tpool.dll
  复制了 3 个文件
  E:\project\imgacqu\third_lib\opencv\x64\Debug\bin\opencv_world4110d.dll
  E:\project\imgacqu\third_lib\opencv\x64\Debug\bin\opencv_world4110d.pdb
  复制了 2 个文件
  E:\project\imgacqu\third_lib\minio\x64\Debug\bin\curlpp-config
  E:\project\imgacqu\third_lib\minio\x64\Debug\bin\curlpp.dll
  E:\project\imgacqu\third_lib\minio\x64\Debug\bin\curlpp.pdb
  E:\project\imgacqu\third_lib\minio\x64\Debug\bin\legacy.dll
  E:\project\imgacqu\third_lib\minio\x64\Debug\bin\legacy.pdb
  E:\project\imgacqu\third_lib\minio\x64\Debug\bin\libcrypto-3-x64.dll
  E:\project\imgacqu\third_lib\minio\x64\Debug\bin\libcrypto-3-x64.pdb
  E:\project\imgacqu\third_lib\minio\x64\Debug\bin\libcurl-d.dll
  E:\project\imgacqu\third_lib\minio\x64\Debug\bin\libcurl-d.pdb
  E:\project\imgacqu\third_lib\minio\x64\Debug\bin\libssl-3-x64.dll
  E:\project\imgacqu\third_lib\minio\x64\Debug\bin\libssl-3-x64.pdb
  E:\project\imgacqu\third_lib\minio\x64\Debug\bin\pugixml.dll
  E:\project\imgacqu\third_lib\minio\x64\Debug\bin\pugixml.pdb
  E:\project\imgacqu\third_lib\minio\x64\Debug\bin\wcurl
  E:\project\imgacqu\third_lib\minio\x64\Debug\bin\zlibd.pdb
  E:\project\imgacqu\third_lib\minio\x64\Debug\bin\zlibd1.dll
  复制了 16 个文件
  E:\project\imgacqu\third_lib\autoreplyprint\bin\autoreplyprint.dll
  复制了 1 个文件
  E:\project\imgacqu\third_lib\bluetooth\btcom.exe
  E:\project\imgacqu\third_lib\bluetooth\btpair.exe
  复制了 2 个文件
