E:\project\imgacqu\x64\Debug\\icuuc.dll
E:\project\imgacqu\x64\Debug\\Qt6Bluetoothd.dll
E:\project\imgacqu\x64\Debug\\Qt6Concurrentd.dll
E:\project\imgacqu\x64\Debug\\Qt6Cored.dll
E:\project\imgacqu\x64\Debug\\Qt6Guid.dll
E:\project\imgacqu\x64\Debug\\Qt6Multimediad.dll
E:\project\imgacqu\x64\Debug\\Qt6MultimediaWidgetsd.dll
E:\project\imgacqu\x64\Debug\\Qt6Networkd.dll
E:\project\imgacqu\x64\Debug\\Qt6SerialPortd.dll
E:\project\imgacqu\x64\Debug\\Qt6Sqld.dll
E:\project\imgacqu\x64\Debug\\Qt6Svgd.dll
E:\project\imgacqu\x64\Debug\\Qt6Widgetsd.dll
E:\project\imgacqu\x64\Debug\\opengl32sw.dll
E:\project\imgacqu\x64\Debug\\D3Dcompiler_47.dll
E:\project\imgacqu\x64\Debug\\avcodec-61.dll
E:\project\imgacqu\x64\Debug\\avformat-61.dll
E:\project\imgacqu\x64\Debug\\avutil-59.dll
E:\project\imgacqu\x64\Debug\\swresample-5.dll
E:\project\imgacqu\x64\Debug\\swscale-8.dll
E:\project\imgacqu\x64\Debug\\concrt140d.dll
E:\project\imgacqu\x64\Debug\\msvcp140_1d.dll
E:\project\imgacqu\x64\Debug\\msvcp140_2d.dll
E:\project\imgacqu\x64\Debug\\msvcp140d.dll
E:\project\imgacqu\x64\Debug\\msvcp140d_atomic_wait.dll
E:\project\imgacqu\x64\Debug\\msvcp140d_codecvt_ids.dll
E:\project\imgacqu\x64\Debug\\vccorlib140d.dll
E:\project\imgacqu\x64\Debug\\vcruntime140_1d.dll
E:\project\imgacqu\x64\Debug\\vcruntime140_threadsd.dll
E:\project\imgacqu\x64\Debug\\vcruntime140d.dll
E:\project\imgacqu\x64\Debug\generic\qtuiotouchplugind.dll
E:\project\imgacqu\x64\Debug\iconengines\qsvgicond.dll
E:\project\imgacqu\x64\Debug\imageformats\qgifd.dll
E:\project\imgacqu\x64\Debug\imageformats\qicnsd.dll
E:\project\imgacqu\x64\Debug\imageformats\qicod.dll
E:\project\imgacqu\x64\Debug\imageformats\qjpegd.dll
E:\project\imgacqu\x64\Debug\imageformats\qsvgd.dll
E:\project\imgacqu\x64\Debug\imageformats\qtgad.dll
E:\project\imgacqu\x64\Debug\imageformats\qtiffd.dll
E:\project\imgacqu\x64\Debug\imageformats\qwbmpd.dll
E:\project\imgacqu\x64\Debug\imageformats\qwebpd.dll
E:\project\imgacqu\x64\Debug\multimedia\ffmpegmediaplugind.dll
E:\project\imgacqu\x64\Debug\multimedia\windowsmediaplugind.dll
E:\project\imgacqu\x64\Debug\networkinformation\qnetworklistmanagerd.dll
E:\project\imgacqu\x64\Debug\platforms\qwindowsd.dll
E:\project\imgacqu\x64\Debug\sqldrivers\qsqlibased.dll
E:\project\imgacqu\x64\Debug\sqldrivers\qsqlited.dll
E:\project\imgacqu\x64\Debug\sqldrivers\qsqlmimerd.dll
E:\project\imgacqu\x64\Debug\sqldrivers\qsqlocid.dll
E:\project\imgacqu\x64\Debug\sqldrivers\qsqlodbcd.dll
E:\project\imgacqu\x64\Debug\sqldrivers\qsqlpsqld.dll
E:\project\imgacqu\x64\Debug\styles\qmodernwindowsstyled.dll
E:\project\imgacqu\x64\Debug\tls\qcertonlybackendd.dll
E:\project\imgacqu\x64\Debug\tls\qopensslbackendd.dll
E:\project\imgacqu\x64\Debug\tls\qschannelbackendd.dll
E:\project\imgacqu\x64\Debug\translations\qt_ar.qm
E:\project\imgacqu\x64\Debug\translations\qtbase_ar.qm
E:\project\imgacqu\x64\Debug\translations\qtmultimedia_ar.qm
E:\project\imgacqu\x64\Debug\translations\qt_bg.qm
E:\project\imgacqu\x64\Debug\translations\qtbase_bg.qm
E:\project\imgacqu\x64\Debug\translations\qtconnectivity_bg.qm
E:\project\imgacqu\x64\Debug\translations\qtmultimedia_bg.qm
E:\project\imgacqu\x64\Debug\translations\qt_ca.qm
E:\project\imgacqu\x64\Debug\translations\qtbase_ca.qm
E:\project\imgacqu\x64\Debug\translations\qtconnectivity_ca.qm
E:\project\imgacqu\x64\Debug\translations\qtmultimedia_ca.qm
E:\project\imgacqu\x64\Debug\translations\qt_cs.qm
E:\project\imgacqu\x64\Debug\translations\qtbase_cs.qm
E:\project\imgacqu\x64\Debug\translations\qtmultimedia_cs.qm
E:\project\imgacqu\x64\Debug\translations\qt_da.qm
E:\project\imgacqu\x64\Debug\translations\qtbase_da.qm
E:\project\imgacqu\x64\Debug\translations\qtconnectivity_da.qm
E:\project\imgacqu\x64\Debug\translations\qtmultimedia_da.qm
E:\project\imgacqu\x64\Debug\translations\qt_de.qm
E:\project\imgacqu\x64\Debug\translations\qtbase_de.qm
E:\project\imgacqu\x64\Debug\translations\qtconnectivity_de.qm
E:\project\imgacqu\x64\Debug\translations\qtmultimedia_de.qm
E:\project\imgacqu\x64\Debug\translations\qtserialport_de.qm
E:\project\imgacqu\x64\Debug\translations\qt_en.qm
E:\project\imgacqu\x64\Debug\translations\qtbase_en.qm
E:\project\imgacqu\x64\Debug\translations\qtconnectivity_en.qm
E:\project\imgacqu\x64\Debug\translations\qtmultimedia_en.qm
E:\project\imgacqu\x64\Debug\translations\qtserialport_en.qm
E:\project\imgacqu\x64\Debug\translations\qt_es.qm
E:\project\imgacqu\x64\Debug\translations\qtbase_es.qm
E:\project\imgacqu\x64\Debug\translations\qtconnectivity_es.qm
E:\project\imgacqu\x64\Debug\translations\qtmultimedia_es.qm
E:\project\imgacqu\x64\Debug\translations\qtserialport_es.qm
E:\project\imgacqu\x64\Debug\translations\qt_fa.qm
E:\project\imgacqu\x64\Debug\translations\qtbase_fa.qm
E:\project\imgacqu\x64\Debug\translations\qtmultimedia_fa.qm
E:\project\imgacqu\x64\Debug\translations\qt_fi.qm
E:\project\imgacqu\x64\Debug\translations\qtbase_fi.qm
E:\project\imgacqu\x64\Debug\translations\qtmultimedia_fi.qm
E:\project\imgacqu\x64\Debug\translations\qt_fr.qm
E:\project\imgacqu\x64\Debug\translations\qtbase_fr.qm
E:\project\imgacqu\x64\Debug\translations\qtmultimedia_fr.qm
E:\project\imgacqu\x64\Debug\translations\qt_gd.qm
E:\project\imgacqu\x64\Debug\translations\qtbase_gd.qm
E:\project\imgacqu\x64\Debug\translations\qt_he.qm
E:\project\imgacqu\x64\Debug\translations\qtbase_he.qm
E:\project\imgacqu\x64\Debug\translations\qt_hr.qm
E:\project\imgacqu\x64\Debug\translations\qtbase_hr.qm
E:\project\imgacqu\x64\Debug\translations\qtconnectivity_hr.qm
E:\project\imgacqu\x64\Debug\translations\qtmultimedia_hr.qm
E:\project\imgacqu\x64\Debug\translations\qt_hu.qm
E:\project\imgacqu\x64\Debug\translations\qtbase_hu.qm
E:\project\imgacqu\x64\Debug\translations\qtconnectivity_hu.qm
E:\project\imgacqu\x64\Debug\translations\qtmultimedia_hu.qm
E:\project\imgacqu\x64\Debug\translations\qt_it.qm
E:\project\imgacqu\x64\Debug\translations\qtbase_it.qm
E:\project\imgacqu\x64\Debug\translations\qtmultimedia_it.qm
E:\project\imgacqu\x64\Debug\translations\qt_ja.qm
E:\project\imgacqu\x64\Debug\translations\qtbase_ja.qm
E:\project\imgacqu\x64\Debug\translations\qtmultimedia_ja.qm
E:\project\imgacqu\x64\Debug\translations\qtserialport_ja.qm
E:\project\imgacqu\x64\Debug\translations\qt_ka.qm
E:\project\imgacqu\x64\Debug\translations\qtbase_ka.qm
E:\project\imgacqu\x64\Debug\translations\qtconnectivity_ka.qm
E:\project\imgacqu\x64\Debug\translations\qtmultimedia_ka.qm
E:\project\imgacqu\x64\Debug\translations\qtserialport_ka.qm
E:\project\imgacqu\x64\Debug\translations\qt_ko.qm
E:\project\imgacqu\x64\Debug\translations\qtbase_ko.qm
E:\project\imgacqu\x64\Debug\translations\qtconnectivity_ko.qm
E:\project\imgacqu\x64\Debug\translations\qtmultimedia_ko.qm
E:\project\imgacqu\x64\Debug\translations\qtserialport_ko.qm
E:\project\imgacqu\x64\Debug\translations\qt_lg.qm
E:\project\imgacqu\x64\Debug\translations\qtbase_lg.qm
E:\project\imgacqu\x64\Debug\translations\qt_lv.qm
E:\project\imgacqu\x64\Debug\translations\qtbase_lv.qm
E:\project\imgacqu\x64\Debug\translations\qt_nl.qm
E:\project\imgacqu\x64\Debug\translations\qtbase_nl.qm
E:\project\imgacqu\x64\Debug\translations\qtconnectivity_nl.qm
E:\project\imgacqu\x64\Debug\translations\qtmultimedia_nl.qm
E:\project\imgacqu\x64\Debug\translations\qt_nn.qm
E:\project\imgacqu\x64\Debug\translations\qtbase_nn.qm
E:\project\imgacqu\x64\Debug\translations\qtmultimedia_nn.qm
E:\project\imgacqu\x64\Debug\translations\qt_pl.qm
E:\project\imgacqu\x64\Debug\translations\qtbase_pl.qm
E:\project\imgacqu\x64\Debug\translations\qtconnectivity_pl.qm
E:\project\imgacqu\x64\Debug\translations\qtmultimedia_pl.qm
E:\project\imgacqu\x64\Debug\translations\qtserialport_pl.qm
E:\project\imgacqu\x64\Debug\translations\qt_pt_BR.qm
E:\project\imgacqu\x64\Debug\translations\qtbase_pt_BR.qm
E:\project\imgacqu\x64\Debug\translations\qtconnectivity_pt_BR.qm
E:\project\imgacqu\x64\Debug\translations\qtmultimedia_pt_BR.qm
E:\project\imgacqu\x64\Debug\translations\qtserialport_pt_BR.qm
E:\project\imgacqu\x64\Debug\translations\qt_ru.qm
E:\project\imgacqu\x64\Debug\translations\qtbase_ru.qm
E:\project\imgacqu\x64\Debug\translations\qtconnectivity_ru.qm
E:\project\imgacqu\x64\Debug\translations\qtmultimedia_ru.qm
E:\project\imgacqu\x64\Debug\translations\qtserialport_ru.qm
E:\project\imgacqu\x64\Debug\translations\qt_sk.qm
E:\project\imgacqu\x64\Debug\translations\qtbase_sk.qm
E:\project\imgacqu\x64\Debug\translations\qtmultimedia_sk.qm
E:\project\imgacqu\x64\Debug\translations\qt_sv.qm
E:\project\imgacqu\x64\Debug\translations\qtbase_sv.qm
E:\project\imgacqu\x64\Debug\translations\qtconnectivity_sv.qm
E:\project\imgacqu\x64\Debug\translations\qtmultimedia_sv.qm
E:\project\imgacqu\x64\Debug\translations\qtserialport_sv.qm
E:\project\imgacqu\x64\Debug\translations\qt_tr.qm
E:\project\imgacqu\x64\Debug\translations\qtbase_tr.qm
E:\project\imgacqu\x64\Debug\translations\qtconnectivity_tr.qm
E:\project\imgacqu\x64\Debug\translations\qtmultimedia_tr.qm
E:\project\imgacqu\x64\Debug\translations\qtserialport_tr.qm
E:\project\imgacqu\x64\Debug\translations\qt_uk.qm
E:\project\imgacqu\x64\Debug\translations\qtbase_uk.qm
E:\project\imgacqu\x64\Debug\translations\qtconnectivity_uk.qm
E:\project\imgacqu\x64\Debug\translations\qtmultimedia_uk.qm
E:\project\imgacqu\x64\Debug\translations\qtserialport_uk.qm
E:\project\imgacqu\x64\Debug\translations\qt_zh_CN.qm
E:\project\imgacqu\x64\Debug\translations\qtbase_zh_CN.qm
E:\project\imgacqu\x64\Debug\translations\qtconnectivity_zh_CN.qm
E:\project\imgacqu\x64\Debug\translations\qtmultimedia_zh_CN.qm
E:\project\imgacqu\x64\Debug\translations\qtserialport_zh_CN.qm
E:\project\imgacqu\x64\Debug\translations\qt_zh_TW.qm
E:\project\imgacqu\x64\Debug\translations\qtbase_zh_TW.qm
E:\project\imgacqu\x64\Debug\translations\qtmultimedia_zh_TW.qm
